
> react-basic@0.1.0 start /workspace/test
> HTTPS=true react-scripts start

Starting the development server...

Browserslist: caniuse-lite is outdated. Please run next command `npm update caniuse-lite browserslist`
Compiled successfully!

You can now view react-basic in the browser.

  Local:            https://localhost:3000/
  On Your Network:  https://172.17.0.22:3000/

Note that the development build is not optimized.
To create a production build, use npm run build.

Terminated
npm ERR! code ELIFECYCLE
npm ERR! errno 143
npm ERR! react-basic@0.1.0 start: `HTTPS=true react-scripts start`
npm ERR! Exit status 143
npm ERR! 
npm ERR! Failed at the react-basic@0.1.0 start script.
npm ERR! This is probably not a problem with npm. There is likely additional logging output above.

npm ERR! A complete log of this run can be found in:
npm ERR!     /root/.npm/_logs/2020-04-20T05_40_32_643Z-debug.log

> react-basic@0.1.0 start /workspace/test
> react-scripts start

Starting the development server...

Browserslist: caniuse-lite is outdated. Please run next command `npm update caniuse-lite browserslist`
Compiled successfully!

You can now view react-basic in the browser.

  Local:            http://localhost:3000/
  On Your Network:  http://172.17.0.22:3000/

Note that the development build is not optimized.
To create a production build, use npm run build.

Terminated
npm ERR! code ELIFECYCLE
npm ERR! errno 143
npm ERR! react-basic@0.1.0 start: `react-scripts start`
npm ERR! Exit status 143
npm ERR! 
npm ERR! Failed at the react-basic@0.1.0 start script.
npm ERR! This is probably not a problem with npm. There is likely additional logging output above.

npm ERR! A complete log of this run can be found in:
npm ERR!     /root/.npm/_logs/2020-04-20T05_49_06_141Z-debug.log
